-------------------------------------------------------------------------------
Test set: TestSuite
-------------------------------------------------------------------------------
Tests run: 4, Failures: 1, Errors: 0, Skipped: 3, Time elapsed: 6.553 s <<< FAILURE! - in TestSuite
com.opencart.TestCases.LoginTestCRM.setup[firefox, https://demo.actitime.com/login.do](0)  Time elapsed: 6.058 s  <<< FAILURE!
java.lang.IllegalStateException: The driver executable does not exist: C:\Users\Abhi\git\repository\OpenCart\.drivers\geckodriver.exe

