<?xml version="1.0" encoding="UTF-8"?>
<testsuite xmlns:xsi="http://www.w3.org/2001/XMLSchema-instance" xsi:noNamespaceSchemaLocation="https://maven.apache.org/surefire/maven-surefire-plugin/xsd/surefire-test-report-3.0.xsd" version="3.0" name="TestSuite" time="6.553" tests="4" errors="0" skipped="3" failures="1">
  <properties>
[...]
</properties>
  <testcase name="setup[firefox, https://demo.actitime.com/login.do](0)" classname="com.opencart.TestCases.LoginTestCRM" time="6.058">
    <failure message="The driver executable does not exist: C:\Users\Abhi\git\repository\OpenCart\.drivers\geckodriver.exe" type="java.lang.IllegalStateException"><![CDATA[java.lang.IllegalStateException: The driver executable does not exist: C:\Users\Abhi\git\repository\OpenCart\.drivers\geckodriver.exe
]]></failure>
    <system-out><![CDATA[setting of the reports and test is getting ready
setting Done = Test can be started
Trying to start Browser and getting application ready
]]></system-out>
  </testcase>
  <testcase name="loginApp" classname="com.opencart.TestCases.LoginTestCRM" time="0">
    <skipped message="The driver executable does not exist: C:\Users\Abhi\git\repository\OpenCart\.drivers\geckodriver.exe"/>
  </testcase>
  <testcase name="teardownMethod" classname="com.opencart.TestCases.LoginTestCRM" time="0">
    <skipped/>
  </testcase>
  <testcase name="teardown" classname="com.opencart.TestCases.LoginTestCRM" time="0">
    <skipped/>
  </testcase>
</testsuite>