<?xml version="1.0" encoding="UTF-8"?>
<testng-results ignored="0" total="1" passed="1" failed="0" skipped="0">
  <reporter-output>
    <line>
      <![CDATA[setting of the reports and test is getting ready]]>
    </line>
    <line>
      <![CDATA[setting Done = Test can be started]]>
    </line>
    <line>
      <![CDATA[Trying to start Browser and getting application ready]]>
    </line>
    <line>
      <![CDATA[Browser and Applicatin is up and Running]]>
    </line>
    <line>
      <![CDATA[Test is about to end]]>
    </line>
    <line>
      <![CDATA[Test completed >>> Reports Generated]]>
    </line>
  </reporter-output>
  <suite started-at="2022-02-15T10:31:52 IST" name="Suite" finished-at="2022-02-15T10:32:48 IST" duration-ms="55802">
    <groups>
    </groups>
    <test started-at="2022-02-15T10:31:52 IST" name="Test" finished-at="2022-02-15T10:32:48 IST" duration-ms="55802">
      <class name="com.opencart.TestCases.LoginTestCRM">
        <test-method is-config="true" signature="setupSuit()[pri:0, instance:com.opencart.TestCases.LoginTestCRM@4efc180e]" started-at="2022-02-15T10:31:45 IST" name="setupSuit" finished-at="2022-02-15T10:31:52 IST" duration-ms="7350" status="PASS">
          <reporter-output>
            <line>
              <![CDATA[setting of the reports and test is getting ready]]>
            </line>
            <line>
              <![CDATA[setting Done = Test can be started]]>
            </line>
          </reporter-output>
        </test-method> <!-- setupSuit -->
        <test-method is-config="true" signature="setup()[pri:0, instance:com.opencart.TestCases.LoginTestCRM@4efc180e]" started-at="2022-02-15T10:31:52 IST" name="setup" finished-at="2022-02-15T10:32:30 IST" duration-ms="37895" status="PASS">
          <reporter-output>
            <line>
              <![CDATA[Trying to start Browser and getting application ready]]>
            </line>
            <line>
              <![CDATA[Browser and Applicatin is up and Running]]>
            </line>
          </reporter-output>
        </test-method> <!-- setup -->
        <test-method signature="loginApp()[pri:1, instance:com.opencart.TestCases.LoginTestCRM@4efc180e]" started-at="2022-02-15T10:32:30 IST" name="loginApp" finished-at="2022-02-15T10:32:43 IST" duration-ms="13147" status="PASS">
          <reporter-output>
          </reporter-output>
        </test-method> <!-- loginApp -->
        <test-method is-config="true" signature="teardownMethod(org.testng.ITestResult)[pri:0, instance:com.opencart.TestCases.LoginTestCRM@4efc180e]" started-at="2022-02-15T10:32:43 IST" name="teardownMethod" finished-at="2022-02-15T10:32:46 IST" duration-ms="2394" status="PASS">
          <params>
            <param index="0">
              <value>
                <![CDATA[[TestResult name=loginApp status=SUCCESS method=LoginTestCRM.loginApp()[pri:1, instance:com.opencart.TestCases.LoginTestCRM@4efc180e] output={null}]]]>
              </value>
            </param>
          </params>
          <reporter-output>
            <line>
              <![CDATA[Test is about to end]]>
            </line>
            <line>
              <![CDATA[Test completed >>> Reports Generated]]>
            </line>
          </reporter-output>
        </test-method> <!-- teardownMethod -->
        <test-method is-config="true" signature="teardown()[pri:0, instance:com.opencart.TestCases.LoginTestCRM@4efc180e]" started-at="2022-02-15T10:32:46 IST" name="teardown" finished-at="2022-02-15T10:32:48 IST" duration-ms="2242" status="PASS">
          <reporter-output>
          </reporter-output>
        </test-method> <!-- teardown -->
      </class> <!-- com.opencart.TestCases.LoginTestCRM -->
    </test> <!-- Test -->
  </suite> <!-- Suite -->
</testng-results>
